<?xml version="1.0" encoding="UTF-8"?>
<!-- Generated by org.testng.reporters.JUnitXMLReporter -->
<testsuite ignored="0" hostname="CHAKRI" failures="1" tests="1" name="Default test" time="14.563" errors="0" timestamp="2025-09-19T21:26:16 IST">
  <testcase classname="io.cucumber.testng.AbstractTestNGCucumberTests" name="runScenario" time="11.096">
    <failure type="java.lang.AssertionError" message="expected [true] but found [false]">
      <![CDATA[java.lang.AssertionError: expected [true] but found [false]
at org.testng.Assert.fail(Assert.java:111)
at org.testng.Assert.failNotEquals(Assert.java:1578)
at org.testng.Assert.assertTrue(Assert.java:57)
at org.testng.Assert.assertTrue(Assert.java:67)
at com.framework.stepdefinitions.LoginSteps.user_logs_in_with_excel_sheet(LoginSteps.java:40)
at ✽.user logs in with excel sheet tomsmith and SuperSecretPassword!(file:///C:/Users/Chakr/Downloads/selenium-hybrid-framework/src/test/resources/features/login.feature:7)
]]>
    </failure>
  </testcase> <!-- runScenario -->
</testsuite> <!-- Default test -->
