<?xml version="1.0" encoding="UTF-8"?>
<!-- Generated by org.testng.reporters.JUnitXMLReporter -->
<testsuite ignored="0" hostname="CHAKRI" failures="0" tests="5" name="Test1" time="45.008" errors="0" timestamp="2025-09-13T16:21:21 IST">
  <testcase classname="com.framework.runners.TestRunner" name="runScenario" time="10.724"/>
  <testcase classname="com.framework.runners.TestRunner" name="runScenario" time="7.745"/>
  <testcase classname="com.framework.runners.TestRunner" name="runScenario" time="7.753"/>
  <testcase classname="com.framework.runners.TestRunner" name="runScenario" time="7.817"/>
  <testcase classname="com.framework.runners.TestRunner" name="runScenario" time="7.926"/>
</testsuite> <!-- Test1 -->
