<?xml version="1.0" encoding="UTF-8"?>
<testsuite xmlns:xsi="http://www.w3.org/2001/XMLSchema-instance" xsi:noNamespaceSchemaLocation="https://maven.apache.org/surefire/maven-surefire-plugin/xsd/surefire-test-report-3.0.xsd" version="3.0" name="TestSuite" time="46.347" tests="5" errors="0" skipped="0" failures="0">
  <properties>
[...]
</properties>
  <testcase name="runScenario[&quot;Valid login using Excel data&quot;, &quot;Login&quot;](1)" classname="com.framework.runners.TestRunner" time="10.722">
    <system-out><![CDATA[Suite started: Test1
Test Started: runScenario

@smoke
Scenario Outline: Valid login using Excel data                         # src/test/resources/features/login.feature:12
[2025-09-13 16:20:37] [TestNG-test-Test1-1] INFO  com.framework.utils.Log - the congig is loading
[2025-09-13 16:20:37] [TestNG-test-Test1-1] INFO  com.framework.utils.Log - the driver is intilizing
[2025-09-13 16:20:40] [TestNG-test-Test1-1] WARN  com.framework.utils.Log - the given step satred executing
  Given user is on login page                                          # com.framework.stepdefinitions.LoginSteps.user_is_on_login_page()
  When user logs in with excel sheet tomsmith and SuperSecretPassword! # com.framework.stepdefinitions.LoginSteps.user_logs_in_with_excel_sheet(java.lang.String,java.lang.String)
  Then flash message should contain "You logged into a secure area!"   # com.framework.stepdefinitions.LoginSteps.flash_message_should_contain(java.lang.String)
[2025-09-13 16:20:47] [TestNG-test-Test1-1] INFO  com.framework.utils.Log - the driver  is tearing down
Test Passed: runScenario
]]></system-out>
  </testcase>
  <testcase name="runScenario[&quot;Valid login using Excel data&quot;, &quot;Login&quot;](2)" classname="com.framework.runners.TestRunner" time="7.746">
    <system-out><![CDATA[Test Started: runScenario

@smoke
Scenario Outline: Valid login using Excel data                         # src/test/resources/features/login.feature:13
[2025-09-13 16:20:47] [TestNG-test-Test1-1] INFO  com.framework.utils.Log - the congig is loading
[2025-09-13 16:20:47] [TestNG-test-Test1-1] INFO  com.framework.utils.Log - the driver is intilizing
[2025-09-13 16:20:48] [TestNG-test-Test1-1] WARN  com.framework.utils.Log - the given step satred executing
  Given user is on login page                                          # com.framework.stepdefinitions.LoginSteps.user_is_on_login_page()
  When user logs in with excel sheet tomsmith and SuperSecretPassword! # com.framework.stepdefinitions.LoginSteps.user_logs_in_with_excel_sheet(java.lang.String,java.lang.String)
  Then flash message should contain "You logged into a secure area!"   # com.framework.stepdefinitions.LoginSteps.flash_message_should_contain(java.lang.String)
[2025-09-13 16:20:55] [TestNG-test-Test1-1] INFO  com.framework.utils.Log - the driver  is tearing down
Test Passed: runScenario
]]></system-out>
  </testcase>
  <testcase name="runScenario[&quot;Verify dashboard header&quot;, &quot;Profile/Dashboard verification&quot;](3)" classname="com.framework.runners.TestRunner" time="7.753">
    <system-out><![CDATA[Test Started: runScenario

@regression
Scenario Outline: Verify dashboard header                              # src/test/resources/features/profile.feature:11
[2025-09-13 16:20:55] [TestNG-test-Test1-1] INFO  com.framework.utils.Log - the congig is loading
[2025-09-13 16:20:55] [TestNG-test-Test1-1] INFO  com.framework.utils.Log - the driver is intilizing
[2025-09-13 16:20:56] [TestNG-test-Test1-1] WARN  com.framework.utils.Log - the given step satred executing
  Given user is on login page                                          # com.framework.stepdefinitions.LoginSteps.user_is_on_login_page()
  When user logs in with excel sheet tomsmith and SuperSecretPassword! # com.framework.stepdefinitions.LoginSteps.user_logs_in_with_excel_sheet(java.lang.String,java.lang.String)
  Then dashboard header should be "Secure Area"                        # com.framework.stepdefinitions.ProfileSteps.dashboard_header_should_be(java.lang.String)
[2025-09-13 16:21:03] [TestNG-test-Test1-1] INFO  com.framework.utils.Log - the driver  is tearing down
Test Passed: runScenario
]]></system-out>
  </testcase>
  <testcase name="runScenario[&quot;Verify dashboard header&quot;, &quot;Profile/Dashboard verification&quot;](4)" classname="com.framework.runners.TestRunner" time="7.819">
    <system-out><![CDATA[Test Started: runScenario

@regression
Scenario Outline: Verify dashboard header                              # src/test/resources/features/profile.feature:12
[2025-09-13 16:21:03] [TestNG-test-Test1-1] INFO  com.framework.utils.Log - the congig is loading
[2025-09-13 16:21:03] [TestNG-test-Test1-1] INFO  com.framework.utils.Log - the driver is intilizing
[2025-09-13 16:21:04] [TestNG-test-Test1-1] WARN  com.framework.utils.Log - the given step satred executing
  Given user is on login page                                          # com.framework.stepdefinitions.LoginSteps.user_is_on_login_page()
  When user logs in with excel sheet tomsmith and SuperSecretPassword! # com.framework.stepdefinitions.LoginSteps.user_logs_in_with_excel_sheet(java.lang.String,java.lang.String)
  Then dashboard header should be "Secure Area"                        # com.framework.stepdefinitions.ProfileSteps.dashboard_header_should_be(java.lang.String)
[2025-09-13 16:21:11] [TestNG-test-Test1-1] INFO  com.framework.utils.Log - the driver  is tearing down
Test Passed: runScenario
]]></system-out>
  </testcase>
  <testcase name="runScenario[&quot;Verify dashboard header&quot;, &quot;Profile/Dashboard verification&quot;](5)" classname="com.framework.runners.TestRunner" time="7.927">
    <system-out><![CDATA[Test Started: runScenario

@regression
Scenario Outline: Verify dashboard header                              # src/test/resources/features/profile.feature:13
[2025-09-13 16:21:11] [TestNG-test-Test1-1] INFO  com.framework.utils.Log - the congig is loading
[2025-09-13 16:21:11] [TestNG-test-Test1-1] INFO  com.framework.utils.Log - the driver is intilizing
[2025-09-13 16:21:11] [TestNG-test-Test1-1] WARN  com.framework.utils.Log - the given step satred executing
  Given user is on login page                                          # com.framework.stepdefinitions.LoginSteps.user_is_on_login_page()
  When user logs in with excel sheet tomsmith and SuperSecretPassword! # com.framework.stepdefinitions.LoginSteps.user_logs_in_with_excel_sheet(java.lang.String,java.lang.String)
  Then dashboard header should be "Secure Area"                        # com.framework.stepdefinitions.ProfileSteps.dashboard_header_should_be(java.lang.String)
[2025-09-13 16:21:19] [TestNG-test-Test1-1] INFO  com.framework.utils.Log - the driver  is tearing down
Test Passed: runScenario
]]></system-out>
  </testcase>
</testsuite>