<?xml version="1.0" encoding="UTF-8"?>
<testng-results ignored="0" total="1" passed="1" failed="0" skipped="0">
  <reporter-output>
  </reporter-output>
  <suite started-at="2025-09-19T21:27:28 IST" name="Suite1" finished-at="2025-09-19T21:27:42 IST" duration-ms="14339">
    <groups>
      <group name="cucumber">
        <method signature="AbstractTestNGCucumberTests.runScenario(io.cucumber.testng.PickleWrapper,io.cucumber.testng.FeatureWrapper)[pri:0, instance:com.framework.runners.TestRunner@11981797]" name="runScenario" class="io.cucumber.testng.AbstractTestNGCucumberTests"/>
      </group> <!-- cucumber -->
    </groups>
    <test started-at="2025-09-19T21:27:28 IST" name="Test1" finished-at="2025-09-19T21:27:42 IST" duration-ms="14339">
      <class name="com.framework.runners.TestRunner">
        <test-method is-config="true" signature="setUpClass(org.testng.ITestContext)[pri:0, instance:com.framework.runners.TestRunner@11981797]" started-at="2025-09-19T21:27:28 IST" name="setUpClass" finished-at="2025-09-19T21:27:29 IST" duration-ms="798" status="PASS">
          <params>
            <param index="0">
              <value>
                <![CDATA[org.testng.TestRunner@4a335fa8]]>
              </value>
            </param>
          </params>
          <reporter-output>
          </reporter-output>
        </test-method> <!-- setUpClass -->
        <test-method signature="runScenario(io.cucumber.testng.PickleWrapper,io.cucumber.testng.FeatureWrapper)[pri:0, instance:com.framework.runners.TestRunner@11981797]" started-at="2025-09-19T21:27:29 IST" name="runScenario" description="Runs Cucumber Scenarios" data-provider="scenarios" finished-at="2025-09-19T21:27:40 IST" duration-ms="11019" status="PASS">
          <params>
            <param index="0">
              <value>
                <![CDATA["Valid login using Excel data"]]>
              </value>
            </param>
            <param index="1">
              <value>
                <![CDATA["Login"]]>
              </value>
            </param>
          </params>
          <reporter-output>
          </reporter-output>
        </test-method> <!-- runScenario -->
        <test-method is-config="true" signature="tearDownClass()[pri:0, instance:com.framework.runners.TestRunner@11981797]" started-at="2025-09-19T21:27:40 IST" name="tearDownClass" finished-at="2025-09-19T21:27:42 IST" duration-ms="2486" status="PASS">
          <reporter-output>
          </reporter-output>
        </test-method> <!-- tearDownClass -->
      </class> <!-- com.framework.runners.TestRunner -->
    </test> <!-- Test1 -->
  </suite> <!-- Suite1 -->
</testng-results>
